Simulation run: Fri Aug 17 16:05:26 2018

Grows MX2 Aperiodic Networks                    
Written By: David OM, Wilson Group, 2018                    
----------------------------------------------------------------------
Email bugs with snapshots and output files to:                     
david.ormrodmorley@chem.ox.ac.uk                    
----------------------------------------------------------------------
Initialising network parameters                    
    Initialised:        IO                  
    Initialised:        network properties  
    Initialised:        Monte Carlo, with seed 0
    Initialised:        potential model     
    Initialised:        geometry optimisation
    Initialised:        additional options  
Intialisation complete                    
----------------------------------------------------------------------
Loading network                         
    Atoms read from:    ./input_files/6_atoms.out
    Units read from:    ./input_files/6_units.out
    Rings read from:    ./input_files/6_rings.out
    Additional connections read from: ./input_files/6_connections.out
Load complete                           
----------------------------------------------------------------------
Monte Carlo process                     
    Network growth begun after 0 seconds
        100 rings, time elapsed:  23 seconds
        All rings built, time elapsed:  0 seconds
    Network growth complete                    
    Monte Carlo monitoring                    
        Ring proposal probabilities                    
            5         6         7         
            0.319588  0.340206  0.340206  
        Ring proposal probabilities within expected range                    
        Geometry optimisation monitoring                    
            Average iterations: 1127.2              
            Number of times iteration limit reached: 0                   
        Iteration limit satisfactory                    
    Monitoring analysis complete                    
Monte Carlo process complete                    
----------------------------------------------------------------------
Analysing network                       
    Network checked for unit overlap                    
    Ring statistics calculated                    
    Analysing clusters and percolation                    
Analysis complete                       
----------------------------------------------------------------------
Writing network                         
    Atoms written to:   ./output_files/test_atoms.out
    Units written to:   ./output_files/test_units.out
    Rings written to:   ./output_files/test_rings.out
    Additional connections written to: ./output_files/test_connections.out
    Visualisation helper file written to: ./output_files/test_vis.out
Write complete                          
----------------------------------------------------------------------
Writing network analysis                    
    Ring statistics written to: ./output_files/test_analysis.out
    Aboav-Weaire parameters written to: ./output_files/test_analysis.out
    Cluster distributions and percolation written to: ./output_files/test_analysis.out
Writing complete                        
----------------------------------------------------------------------
Simulation complete: Fri Aug 17 16:05:49 2018

